<?xml version="1.0" encoding="UTF-8"?>
<!-- Generated by org.testng.reporters.JUnitReportReporter -->
<testsuite hostname="Honza-PC" name="cviceni.Ukol2Test" tests="204" failures="0" timestamp="12 Nov 2014 13:43:25 GMT" time="10.388" errors="2">
  <testcase name="testThreadSafe1" time="0.005" classname="cviceni.Ukol2Test"/>
  <testcase name="testThreadSafe2" time="0.079" classname="cviceni.Ukol2Test"/>
  <testcase name="testThreadSafe2" time="0.051" classname="cviceni.Ukol2Test"/>
  <testcase name="testThreadSafe1" time="0.001" classname="cviceni.Ukol2Test"/>
  <testcase name="testThreadSafe2" time="0.067" classname="cviceni.Ukol2Test"/>
  <testcase name="testThreadSafe2" time="0.104" classname="cviceni.Ukol2Test"/>
  <testcase name="testThreadSafe2" time="0.067" classname="cviceni.Ukol2Test"/>
  <testcase name="testThreadSafe2" time="0.001" classname="cviceni.Ukol2Test"/>
  <testcase name="testThreadSafe1" time="0.001" classname="cviceni.Ukol2Test"/>
  <testcase name="testThreadSafe1" time="0.117" classname="cviceni.Ukol2Test"/>
  <testcase name="testThreadSafe1" time="0.022" classname="cviceni.Ukol2Test"/>
  <testcase name="testThreadSafe1" time="0.121" classname="cviceni.Ukol2Test"/>
  <testcase name="testThreadSafe2" time="0.000" classname="cviceni.Ukol2Test"/>
  <testcase name="testThreadSafe2" time="0.000" classname="cviceni.Ukol2Test"/>
  <testcase name="testThreadSafe2" time="0.003" classname="cviceni.Ukol2Test"/>
  <testcase name="testThreadSafe1" time="0.105" classname="cviceni.Ukol2Test"/>
  <testcase name="testThreadSafe2" time="0.121" classname="cviceni.Ukol2Test"/>
  <testcase name="testThreadSafe2" time="0.084" classname="cviceni.Ukol2Test"/>
  <testcase name="testThreadSafe2" time="0.064" classname="cviceni.Ukol2Test"/>
  <testcase name="testThreadSafe1" time="0.001" classname="cviceni.Ukol2Test"/>
  <testcase name="testThreadSafe2" time="0.000" classname="cviceni.Ukol2Test"/>
  <testcase name="testThreadSafe1" time="0.001" classname="cviceni.Ukol2Test"/>
  <testcase name="testThreadSafe1" time="0.108" classname="cviceni.Ukol2Test"/>
  <testcase name="testThreadSafe2" time="0.036" classname="cviceni.Ukol2Test"/>
  <testcase name="testThreadSafe2" time="0.000" classname="cviceni.Ukol2Test"/>
  <testcase name="testThreadSafe2" time="0.007" classname="cviceni.Ukol2Test"/>
  <testcase name="testThreadSafe1" time="0.037" classname="cviceni.Ukol2Test"/>
  <testcase name="testThreadSafe1" time="0.137" classname="cviceni.Ukol2Test"/>
  <testcase name="testThreadSafe1" time="0.000" classname="cviceni.Ukol2Test"/>
  <testcase name="testThreadSafe2" time="0.094" classname="cviceni.Ukol2Test"/>
  <testcase name="testThreadSafe1" time="0.083" classname="cviceni.Ukol2Test"/>
  <testcase name="testThreadSafe2" time="0.000" classname="cviceni.Ukol2Test"/>
  <testcase name="testThreadSafe2" time="0.103" classname="cviceni.Ukol2Test"/>
  <testcase name="testThreadSafe1" time="0.004" classname="cviceni.Ukol2Test"/>
  <testcase name="testThreadSafe1" time="0.031" classname="cviceni.Ukol2Test"/>
  <testcase name="testThreadSafe2" time="0.114" classname="cviceni.Ukol2Test"/>
  <testcase name="testThreadSafe2" time="0.001" classname="cviceni.Ukol2Test"/>
  <testcase name="testThreadSafe1" time="0.001" classname="cviceni.Ukol2Test"/>
  <testcase name="testThreadSafe1" time="0.119" classname="cviceni.Ukol2Test"/>
  <testcase name="testThreadSafe1" time="0.001" classname="cviceni.Ukol2Test"/>
  <testcase name="testThreadSafe2" time="0.001" classname="cviceni.Ukol2Test"/>
  <testcase name="testThreadSafe2" time="0.046" classname="cviceni.Ukol2Test"/>
  <testcase name="testThreadSafe2" time="0.095" classname="cviceni.Ukol2Test"/>
  <testcase name="testThreadSafe2" time="0.004" classname="cviceni.Ukol2Test"/>
  <testcase name="testThreadSafe1" time="0.022" classname="cviceni.Ukol2Test"/>
  <testcase name="testThreadSafe2" time="0.094" classname="cviceni.Ukol2Test"/>
  <testcase name="testThreadSafe1" time="0.002" classname="cviceni.Ukol2Test"/>
  <testcase name="testThreadSafe1" time="0.006" classname="cviceni.Ukol2Test"/>
  <testcase name="testThreadSafe1" time="0.004" classname="cviceni.Ukol2Test"/>
  <testcase name="testThreadSafe2" time="0.131" classname="cviceni.Ukol2Test"/>
  <testcase name="testThreadSafe1" time="0.001" classname="cviceni.Ukol2Test"/>
  <testcase name="testThreadSafe2" time="0.001" classname="cviceni.Ukol2Test"/>
  <testcase name="testThreadSafe2" time="0.090" classname="cviceni.Ukol2Test"/>
  <testcase name="testThreadSafe1" time="0.000" classname="cviceni.Ukol2Test"/>
  <testcase name="testThreadSafe2" time="0.000" classname="cviceni.Ukol2Test"/>
  <testcase name="testThreadSafe1" time="0.005" classname="cviceni.Ukol2Test"/>
  <testcase name="testThreadSafe1" time="0.045" classname="cviceni.Ukol2Test"/>
  <testcase name="testThreadSafe1" time="0.000" classname="cviceni.Ukol2Test"/>
  <testcase name="testThreadSafe1" time="0.022" classname="cviceni.Ukol2Test"/>
  <testcase name="testThreadSafe1" time="0.124" classname="cviceni.Ukol2Test"/>
  <testcase name="testThreadSafe1" time="0.139" classname="cviceni.Ukol2Test"/>
  <testcase name="testThreadSafe2" time="0.001" classname="cviceni.Ukol2Test"/>
  <testcase name="testThreadSafe1" time="0.001" classname="cviceni.Ukol2Test"/>
  <testcase name="testThreadSafe2" time="0.082" classname="cviceni.Ukol2Test"/>
  <testcase name="testKrat" time="0.001" classname="cviceni.Ukol2Test"/>
  <testcase name="testThreadSafe2" time="0.000" classname="cviceni.Ukol2Test"/>
  <testcase name="testThreadSafe1" time="0.000" classname="cviceni.Ukol2Test"/>
  <testcase name="testThreadSafe2" time="0.068" classname="cviceni.Ukol2Test"/>
  <testcase name="testThreadSafe1" time="0.001" classname="cviceni.Ukol2Test"/>
  <testcase name="testThreadSafe1" time="0.001" classname="cviceni.Ukol2Test"/>
  <testcase name="testThreadSafe2" time="0.001" classname="cviceni.Ukol2Test"/>
  <testcase name="testThreadSafe2" time="0.000" classname="cviceni.Ukol2Test"/>
  <testcase name="testThreadSafe1" time="0.047" classname="cviceni.Ukol2Test"/>
  <testcase name="testThreadSafe1" time="0.001" classname="cviceni.Ukol2Test"/>
  <testcase name="testThreadSafe1" time="0.112" classname="cviceni.Ukol2Test"/>
  <testcase name="testThreadSafe2" time="0.002" classname="cviceni.Ukol2Test"/>
  <testcase name="testThreadSafe1" time="0.001" classname="cviceni.Ukol2Test"/>
  <testcase name="testThreadSafe1" time="0.002" classname="cviceni.Ukol2Test"/>
  <testcase name="testThreadSafe2" time="0.000" classname="cviceni.Ukol2Test"/>
  <testcase name="testThreadSafe1" time="0.001" classname="cviceni.Ukol2Test"/>
  <testcase name="testThreadSafe2" time="0.124" classname="cviceni.Ukol2Test"/>
  <testcase name="testThreadSafe2" time="0.002" classname="cviceni.Ukol2Test"/>
  <testcase name="testThreadSafe2" time="0.070" classname="cviceni.Ukol2Test"/>
  <testcase name="testThreadSafe2" time="0.093" classname="cviceni.Ukol2Test"/>
  <testcase name="testThreadSafe1" time="0.008" classname="cviceni.Ukol2Test"/>
  <testcase name="testThreadSafe2" time="0.094" classname="cviceni.Ukol2Test"/>
  <testcase name="testThreadSafe1" time="0.115" classname="cviceni.Ukol2Test"/>
  <testcase name="testThreadSafe2" time="0.034" classname="cviceni.Ukol2Test"/>
  <testcase name="testThreadSafe1" time="0.139" classname="cviceni.Ukol2Test"/>
  <testcase name="testThreadSafe2" time="0.009" classname="cviceni.Ukol2Test"/>
  <testcase name="testThreadSafe2" time="0.038" classname="cviceni.Ukol2Test"/>
  <testcase name="testThreadSafe1" time="0.001" classname="cviceni.Ukol2Test"/>
  <testcase name="testKrat" time="0.013" classname="cviceni.Ukol2Test"/>
  <testcase name="testThreadSafe1" time="0.031" classname="cviceni.Ukol2Test"/>
  <testcase name="testThreadSafe1" time="0.001" classname="cviceni.Ukol2Test"/>
  <testcase name="testThreadSafe2" time="0.083" classname="cviceni.Ukol2Test"/>
  <testcase name="testThreadSafe1" time="0.107" classname="cviceni.Ukol2Test"/>
  <testcase name="testThreadSafe2" time="0.083" classname="cviceni.Ukol2Test"/>
  <testcase name="testThreadSafe2" time="0.003" classname="cviceni.Ukol2Test"/>
  <testcase name="testThreadSafe1" time="0.147" classname="cviceni.Ukol2Test"/>
  <testcase name="testThreadSafe2" time="0.128" classname="cviceni.Ukol2Test"/>
  <testcase name="testThreadSafe2" time="0.100" classname="cviceni.Ukol2Test"/>
  <testcase name="testThreadSafe2" time="0.001" classname="cviceni.Ukol2Test">
    <error type="java.lang.AssertionError" message="expected [abcabcabcabcabcabcabcabcabcabcabcabcabcabcabcabcabcabcabcabcabcabcabcabcabcabcabcabcabcabcabcabcabcabcabcabcabcabcabcabcabcabcabcabcabcabcabcabcabcabcabcabcabcabcabcabcabcabcabcabcabcabcabcabcabcabcabcabcabcabcabcabcabcabcabcabcabcabcabcabcabcabcabcabcabcabcabcabcabcabcabcabcabcabcabcabcabcabcabcabcbbadabadbadbadbadbadbadbadbadbadbadbadbadbadbadbadbadbadbadbadbadbadbadbadbadbadbadbadbadbadbadbadbadbadbadbadbadbadbadbadbadbadba] but found [abcabcabcabcabcabcabcabcabcabcabcabcabcabcabcabcabcabcabcabcabcabcabcabcabcabcabcabcabcabcabcabcabcabcabcabcabcabcabcabcabcabcabcabcabcabcabcabcabcabcabcabcabcabcabcabcabcabcabcabcabcabcabcabcabcabcabcabcabcabcabcabcabcabcabcabcabcabcabcabcabcabcabcabcabcabcabcabcabcabcabcabcabcabcabcabcabcabcabcabcbbadabadbadbadbadbadbadbadbadbadbadbadbadbadbadbadbadbadbadbadbadbadbadbadbadbadbadbadbadbadbadbadbadbadbadbadbadbadbadbadbadbadbbadbada]">
      <![CDATA[java.lang.AssertionError: expected [abcabcabcabcabcabcabcabcabcabcabcabcabcabcabcabcabcabcabcabcabcabcabcabcabcabcabcabcabcabcabcabcabcabcabcabcabcabcabcabcabcabcabcabcabcabcabcabcabcabcabcabcabcabcabcabcabcabcabcabcabcabcabcabcabcabcabcabcabcabcabcabcabcabcabcabcabcabcabcabcabcabcabcabcabcabcabcabcabcabcabcabcabcabcabcabcabcabcabcabcbbadabadbadbadbadbadbadbadbadbadbadbadbadbadbadbadbadbadbadbadbadbadbadbadbadbadbadbadbadbadbadbadbadbadbadbadbadbadbadbadbadbadba] but found [abcabcabcabcabcabcabcabcabcabcabcabcabcabcabcabcabcabcabcabcabcabcabcabcabcabcabcabcabcabcabcabcabcabcabcabcabcabcabcabcabcabcabcabcabcabcabcabcabcabcabcabcabcabcabcabcabcabcabcabcabcabcabcabcabcabcabcabcabcabcabcabcabcabcabcabcabcabcabcabcabcabcabcabcabcabcabcabcabcabcabcabcabcabcabcabcabcabcabcabcbbadabadbadbadbadbadbadbadbadbadbadbadbadbadbadbadbadbadbadbadbadbadbadbadbadbadbadbadbadbadbadbadbadbadbadbadbadbadbadbadbadbadbbadbada]
	at org.testng.Assert.fail(Assert.java:94)
	at org.testng.Assert.failNotEquals(Assert.java:494)
	at org.testng.Assert.assertEquals(Assert.java:123)
	at org.testng.Assert.assertEquals(Assert.java:176)
	at org.testng.Assert.assertEquals(Assert.java:186)
	at cviceni.Ukol2Test.testThreadSafe2(Ukol2Test.java:51)
	at sun.reflect.GeneratedMethodAccessor2.invoke(Unknown Source)
	at sun.reflect.DelegatingMethodAccessorImpl.invoke(Unknown Source)
	at java.lang.reflect.Method.invoke(Unknown Source)
	at org.testng.internal.MethodInvocationHelper.invokeMethod(MethodInvocationHelper.java:84)
	at org.testng.internal.Invoker.invokeMethod(Invoker.java:714)
	at org.testng.internal.Invoker.invokeTestMethod(Invoker.java:901)
	at org.testng.internal.Invoker.invokeTestMethods(Invoker.java:1231)
	at org.testng.internal.TestMethodWorker.invokeTestMethods(TestMethodWorker.java:127)
	at org.testng.internal.TestMethodWorker.run(TestMethodWorker.java:111)
	at org.testng.internal.thread.ThreadUtil$2.call(ThreadUtil.java:64)
	at java.util.concurrent.FutureTask.run(Unknown Source)
	at java.util.concurrent.ThreadPoolExecutor.runWorker(Unknown Source)
	at java.util.concurrent.ThreadPoolExecutor$Worker.run(Unknown Source)
	at java.lang.Thread.run(Unknown Source)
]]>
    </error>
  </testcase> <!-- testThreadSafe2 -->
  <testcase name="testThreadSafe1" time="0.141" classname="cviceni.Ukol2Test"/>
  <testcase name="testThreadSafe1" time="0.113" classname="cviceni.Ukol2Test"/>
  <testcase name="testThreadSafe2" time="0.099" classname="cviceni.Ukol2Test"/>
  <testcase name="testThreadSafe1" time="0.111" classname="cviceni.Ukol2Test"/>
  <testcase name="testThreadSafe1" time="0.144" classname="cviceni.Ukol2Test"/>
  <testcase name="testThreadSafe2" time="0.001" classname="cviceni.Ukol2Test"/>
  <testcase name="testThreadSafe2" time="0.062" classname="cviceni.Ukol2Test"/>
  <testcase name="testThreadSafe1" time="0.045" classname="cviceni.Ukol2Test"/>
  <testcase name="testThreadSafe2" time="0.124" classname="cviceni.Ukol2Test"/>
  <testcase name="testThreadSafe1" time="0.002" classname="cviceni.Ukol2Test"/>
  <testcase name="testThreadSafe1" time="0.140" classname="cviceni.Ukol2Test"/>
  <testcase name="testThreadSafe2" time="0.013" classname="cviceni.Ukol2Test">
    <error type="java.lang.AssertionError" message="expected [abcabcabcabcabcabcabcabcabcabcabcabcabcabcabcabcabcabcabcabcabcabcabcabcabcabcabcabcabcabcabcabcabcabcabcabcabcabcabcabcabcabcabcabcabcabcabcabcabcabcabcabcabcabcabcabcabcabcabcabcabcabcabcabcabcabcabcabcabcabcabcabcabcabcabcabcabcabcabcabcabcabcabcabcabcabcabcabcabcabcabcabcabcabcabcabcabcabcabcabcba] but found [abcabcabcabcabcabcabcabcabcabcabcabcabcabcabcabcabcabcabcabcabcabcabcabcabcabcabcabcabcabcabcabcabcabcabcabcabcabcabcabcabcabcabcabcabcabcabcabcabcabcabcabcabcabcabcabcabcabcabcabcabcabcabcabcabcabcabcabcabcabcabcabcabcabcabcabcabcabcabcabcabcabcabcabcabcabcabcabcabcabcabcabcabcabcabcabcabcabcabcabcbbada]">
      <![CDATA[java.lang.AssertionError: expected [abcabcabcabcabcabcabcabcabcabcabcabcabcabcabcabcabcabcabcabcabcabcabcabcabcabcabcabcabcabcabcabcabcabcabcabcabcabcabcabcabcabcabcabcabcabcabcabcabcabcabcabcabcabcabcabcabcabcabcabcabcabcabcabcabcabcabcabcabcabcabcabcabcabcabcabcabcabcabcabcabcabcabcabcabcabcabcabcabcabcabcabcabcabcabcabcabcabcabcabcba] but found [abcabcabcabcabcabcabcabcabcabcabcabcabcabcabcabcabcabcabcabcabcabcabcabcabcabcabcabcabcabcabcabcabcabcabcabcabcabcabcabcabcabcabcabcabcabcabcabcabcabcabcabcabcabcabcabcabcabcabcabcabcabcabcabcabcabcabcabcabcabcabcabcabcabcabcabcabcabcabcabcabcabcabcabcabcabcabcabcabcabcabcabcabcabcabcabcabcabcabcabcbbada]
	at org.testng.Assert.fail(Assert.java:94)
	at org.testng.Assert.failNotEquals(Assert.java:494)
	at org.testng.Assert.assertEquals(Assert.java:123)
	at org.testng.Assert.assertEquals(Assert.java:176)
	at org.testng.Assert.assertEquals(Assert.java:186)
	at cviceni.Ukol2Test.testThreadSafe2(Ukol2Test.java:51)
	at sun.reflect.NativeMethodAccessorImpl.invoke0(Native Method)
	at sun.reflect.NativeMethodAccessorImpl.invoke(Unknown Source)
	at sun.reflect.DelegatingMethodAccessorImpl.invoke(Unknown Source)
	at java.lang.reflect.Method.invoke(Unknown Source)
	at org.testng.internal.MethodInvocationHelper.invokeMethod(MethodInvocationHelper.java:84)
	at org.testng.internal.Invoker.invokeMethod(Invoker.java:714)
	at org.testng.internal.Invoker.invokeTestMethod(Invoker.java:901)
	at org.testng.internal.Invoker.invokeTestMethods(Invoker.java:1231)
	at org.testng.internal.TestMethodWorker.invokeTestMethods(TestMethodWorker.java:127)
	at org.testng.internal.TestMethodWorker.run(TestMethodWorker.java:111)
	at org.testng.internal.thread.ThreadUtil$2.call(ThreadUtil.java:64)
	at java.util.concurrent.FutureTask.run(Unknown Source)
	at java.util.concurrent.ThreadPoolExecutor.runWorker(Unknown Source)
	at java.util.concurrent.ThreadPoolExecutor$Worker.run(Unknown Source)
	at java.lang.Thread.run(Unknown Source)
]]>
    </error>
  </testcase> <!-- testThreadSafe2 -->
  <testcase name="testThreadSafe2" time="0.004" classname="cviceni.Ukol2Test"/>
  <testcase name="testThreadSafe1" time="0.136" classname="cviceni.Ukol2Test"/>
  <testcase name="testThreadSafe2" time="0.116" classname="cviceni.Ukol2Test"/>
  <testcase name="testThreadSafe1" time="0.001" classname="cviceni.Ukol2Test"/>
  <testcase name="testThreadSafe2" time="0.127" classname="cviceni.Ukol2Test"/>
  <testcase name="testThreadSafe2" time="0.109" classname="cviceni.Ukol2Test"/>
  <testcase name="testThreadSafe2" time="0.001" classname="cviceni.Ukol2Test"/>
  <testcase name="testThreadSafe1" time="0.000" classname="cviceni.Ukol2Test"/>
  <testcase name="testThreadSafe1" time="0.155" classname="cviceni.Ukol2Test"/>
  <testcase name="testThreadSafe2" time="0.082" classname="cviceni.Ukol2Test"/>
  <testcase name="testThreadSafe1" time="0.002" classname="cviceni.Ukol2Test"/>
  <testcase name="testThreadSafe1" time="0.032" classname="cviceni.Ukol2Test"/>
  <testcase name="testThreadSafe2" time="0.003" classname="cviceni.Ukol2Test"/>
  <testcase name="testThreadSafe1" time="0.001" classname="cviceni.Ukol2Test"/>
  <testcase name="testThreadSafe1" time="0.000" classname="cviceni.Ukol2Test"/>
  <testcase name="testThreadSafe1" time="0.001" classname="cviceni.Ukol2Test"/>
  <testcase name="testThreadSafe2" time="0.001" classname="cviceni.Ukol2Test"/>
  <testcase name="testThreadSafe2" time="0.055" classname="cviceni.Ukol2Test"/>
  <testcase name="testThreadSafe2" time="0.060" classname="cviceni.Ukol2Test"/>
  <testcase name="testThreadSafe1" time="0.001" classname="cviceni.Ukol2Test"/>
  <testcase name="testThreadSafe1" time="0.020" classname="cviceni.Ukol2Test"/>
  <testcase name="testThreadSafe2" time="0.001" classname="cviceni.Ukol2Test"/>
  <testcase name="testThreadSafe2" time="0.119" classname="cviceni.Ukol2Test"/>
  <testcase name="testThreadSafe2" time="0.064" classname="cviceni.Ukol2Test"/>
  <testcase name="testThreadSafe1" time="0.002" classname="cviceni.Ukol2Test"/>
  <testcase name="testThreadSafe1" time="0.031" classname="cviceni.Ukol2Test"/>
  <testcase name="testThreadSafe2" time="0.000" classname="cviceni.Ukol2Test"/>
  <testcase name="testThreadSafe2" time="0.000" classname="cviceni.Ukol2Test"/>
  <testcase name="testThreadSafe1" time="0.001" classname="cviceni.Ukol2Test"/>
  <testcase name="testThreadSafe2" time="0.002" classname="cviceni.Ukol2Test"/>
  <testcase name="testThreadSafe1" time="0.157" classname="cviceni.Ukol2Test"/>
  <testcase name="testThreadSafe1" time="0.105" classname="cviceni.Ukol2Test"/>
  <testcase name="testThreadSafe2" time="0.000" classname="cviceni.Ukol2Test"/>
  <testcase name="testThreadSafe2" time="0.001" classname="cviceni.Ukol2Test"/>
  <testcase name="testThreadSafe1" time="0.026" classname="cviceni.Ukol2Test"/>
  <testcase name="testThreadSafe2" time="0.009" classname="cviceni.Ukol2Test"/>
  <testcase name="testThreadSafe1" time="0.139" classname="cviceni.Ukol2Test"/>
  <testcase name="testThreadSafe2" time="0.096" classname="cviceni.Ukol2Test"/>
  <testcase name="testThreadSafe1" time="0.123" classname="cviceni.Ukol2Test"/>
  <testcase name="testThreadSafe2" time="0.000" classname="cviceni.Ukol2Test"/>
  <testcase name="testThreadSafe2" time="0.130" classname="cviceni.Ukol2Test"/>
  <testcase name="testThreadSafe2" time="0.041" classname="cviceni.Ukol2Test"/>
  <testcase name="testThreadSafe1" time="0.134" classname="cviceni.Ukol2Test"/>
  <testcase name="testThreadSafe2" time="0.110" classname="cviceni.Ukol2Test"/>
  <testcase name="testThreadSafe1" time="0.141" classname="cviceni.Ukol2Test"/>
  <testcase name="testThreadSafe1" time="0.080" classname="cviceni.Ukol2Test"/>
  <testcase name="testThreadSafe2" time="0.003" classname="cviceni.Ukol2Test"/>
  <testcase name="testThreadSafe1" time="0.132" classname="cviceni.Ukol2Test"/>
  <testcase name="testThreadSafe1" time="0.126" classname="cviceni.Ukol2Test"/>
  <testcase name="testThreadSafe2" time="0.001" classname="cviceni.Ukol2Test"/>
  <testcase name="testThreadSafe1" time="0.143" classname="cviceni.Ukol2Test"/>
  <testcase name="testThreadSafe1" time="0.039" classname="cviceni.Ukol2Test"/>
  <testcase name="testThreadSafe2" time="0.007" classname="cviceni.Ukol2Test"/>
  <testcase name="testThreadSafe1" time="0.035" classname="cviceni.Ukol2Test"/>
  <testcase name="testThreadSafe1" time="0.001" classname="cviceni.Ukol2Test"/>
  <testcase name="testThreadSafe1" time="0.001" classname="cviceni.Ukol2Test"/>
  <testcase name="testThreadSafe2" time="0.060" classname="cviceni.Ukol2Test"/>
  <testcase name="testThreadSafe1" time="0.145" classname="cviceni.Ukol2Test"/>
  <testcase name="testThreadSafe2" time="0.082" classname="cviceni.Ukol2Test"/>
  <testcase name="testThreadSafe2" time="0.015" classname="cviceni.Ukol2Test"/>
  <testcase name="testThreadSafe2" time="0.118" classname="cviceni.Ukol2Test"/>
  <testcase name="testThreadSafe1" time="0.118" classname="cviceni.Ukol2Test"/>
  <testcase name="testThreadSafe2" time="0.008" classname="cviceni.Ukol2Test"/>
  <testcase name="testThreadSafe1" time="0.026" classname="cviceni.Ukol2Test"/>
  <testcase name="testThreadSafe2" time="0.010" classname="cviceni.Ukol2Test"/>
  <testcase name="testThreadSafe2" time="0.001" classname="cviceni.Ukol2Test"/>
  <testcase name="testThreadSafe2" time="0.082" classname="cviceni.Ukol2Test"/>
  <testcase name="testThreadSafe1" time="0.143" classname="cviceni.Ukol2Test"/>
  <testcase name="testThreadSafe2" time="0.001" classname="cviceni.Ukol2Test"/>
  <testcase name="testThreadSafe1" time="0.111" classname="cviceni.Ukol2Test"/>
  <testcase name="testThreadSafe1" time="0.034" classname="cviceni.Ukol2Test"/>
  <testcase name="testThreadSafe1" time="0.001" classname="cviceni.Ukol2Test"/>
  <testcase name="testThreadSafe1" time="0.001" classname="cviceni.Ukol2Test"/>
  <testcase name="testThreadSafe1" time="0.125" classname="cviceni.Ukol2Test"/>
  <testcase name="testThreadSafe2" time="0.001" classname="cviceni.Ukol2Test"/>
  <testcase name="testThreadSafe2" time="0.001" classname="cviceni.Ukol2Test"/>
  <testcase name="testThreadSafe2" time="0.098" classname="cviceni.Ukol2Test"/>
  <testcase name="testThreadSafe2" time="0.089" classname="cviceni.Ukol2Test"/>
  <testcase name="testThreadSafe1" time="0.130" classname="cviceni.Ukol2Test"/>
  <testcase name="testThreadSafe1" time="0.000" classname="cviceni.Ukol2Test"/>
  <testcase name="testThreadSafe2" time="0.088" classname="cviceni.Ukol2Test"/>
  <testcase name="testThreadSafe1" time="0.107" classname="cviceni.Ukol2Test"/>
  <testcase name="testKrat" time="0.070" classname="cviceni.Ukol2Test"/>
  <testcase name="testThreadSafe1" time="0.118" classname="cviceni.Ukol2Test"/>
  <testcase name="testKrat" time="0.001" classname="cviceni.Ukol2Test"/>
  <testcase name="testThreadSafe1" time="0.118" classname="cviceni.Ukol2Test"/>
  <testcase name="testThreadSafe1" time="0.115" classname="cviceni.Ukol2Test"/>
  <testcase name="testThreadSafe2" time="0.000" classname="cviceni.Ukol2Test"/>
  <testcase name="testThreadSafe2" time="0.000" classname="cviceni.Ukol2Test"/>
</testsuite> <!-- cviceni.Ukol2Test -->
