<?xml version="1.0" encoding="UTF-8"?>
<!-- Generated by org.testng.reporters.JUnitReportReporter -->
<testsuite hostname="Honza-PC" name="cviceni.Ukol1Test" tests="2" failures="0" timestamp="10 Nov 2014 10:02:37 GMT" time="0.025" errors="0">
  <testcase name="testFaktorial1" time="0.023" classname="cviceni.Ukol1Test"/>
  <testcase name="testFaktorial4" time="0.002" classname="cviceni.Ukol1Test"/>
</testsuite> <!-- cviceni.Ukol1Test -->
